2025-09-24 21:09:18,285 INFO o.a.j.u.JMeterUtils: Setting Locale to en_EN
2025-09-24 21:09:18,305 INFO o.a.j.JMeter: Loading user properties from: user.properties
2025-09-24 21:09:18,305 INFO o.a.j.JMeter: Loading system properties from: D:\Softwares\apache-jmeter-5.6.3\bin\system.properties
2025-09-24 21:09:18,312 INFO o.a.j.JMeter: Copyright (c) 1998-2024 The Apache Software Foundation
2025-09-24 21:09:18,313 INFO o.a.j.JMeter: Version 5.6.3
2025-09-24 21:09:18,313 INFO o.a.j.JMeter: java.version=17.0.15
2025-09-24 21:09:18,313 INFO o.a.j.JMeter: java.vm.name=Java HotSpot(TM) 64-Bit Server VM
2025-09-24 21:09:18,313 INFO o.a.j.JMeter: os.name=Windows 11
2025-09-24 21:09:18,313 INFO o.a.j.JMeter: os.arch=amd64
2025-09-24 21:09:18,313 INFO o.a.j.JMeter: os.version=10.0
2025-09-24 21:09:18,313 INFO o.a.j.JMeter: file.encoding=Cp1252
2025-09-24 21:09:18,313 INFO o.a.j.JMeter: java.awt.headless=true
2025-09-24 21:09:18,313 INFO o.a.j.JMeter: Max memory     =1073741824
2025-09-24 21:09:18,313 INFO o.a.j.JMeter: Available Processors =8
2025-09-24 21:09:18,321 INFO o.a.j.JMeter: Default Locale=English (EN)
2025-09-24 21:09:18,321 INFO o.a.j.JMeter: JMeter  Locale=English (EN)
2025-09-24 21:09:18,321 INFO o.a.j.JMeter: JMeterHome=D:\Softwares\apache-jmeter-5.6.3
2025-09-24 21:09:18,321 INFO o.a.j.JMeter: user.dir  =D:\2D-designer\backend\backend\perf\jmeter
2025-09-24 21:09:18,322 INFO o.a.j.JMeter: PWD       =D:\2D-designer\backend\backend\perf\jmeter
2025-09-24 21:09:18,326 INFO o.a.j.JMeter: IP: 192.168.8.145 Name: oRioN FullName: oRioN
2025-09-24 21:09:18,336 INFO o.a.j.JMeter: Setting property 'jmeter.reportgenerator.outputdir' to:'D:\2D-designer\backend\backend\perf\jmeter\report'
2025-09-24 21:09:18,341 INFO o.a.j.r.d.ReportGenerator: ReportGenerator will use for Parsing the separator: ','
2025-09-24 21:09:18,341 INFO o.a.j.r.d.ReportGenerator: Will only generate report from results file: D:\2D-designer\backend\backend\perf\jmeter\results\results.jtl
2025-09-24 21:09:18,341 INFO o.a.j.r.d.ReportGenerator: Reading report generator properties from: D:\Softwares\apache-jmeter-5.6.3\bin\reportgenerator.properties
2025-09-24 21:09:18,355 INFO o.a.j.r.d.ReportGenerator: Merging with JMeter properties
2025-09-24 21:09:18,361 INFO o.a.j.r.c.ReportGeneratorConfiguration: Property 'jmeter.reportgenerator.temp_dir' not found, using default value 'temp' instead.
2025-09-24 21:09:18,363 INFO o.a.j.r.c.ReportGeneratorConfiguration: Property 'jmeter.reportgenerator.apdex_per_transaction' not found, using default value 'null' instead.
2025-09-24 21:09:18,368 INFO o.a.j.r.c.ReportGeneratorConfiguration: apdex_per_transaction is empty, not APDEX per transaction customization
2025-09-24 21:09:18,368 INFO o.a.j.r.c.ReportGeneratorConfiguration: Property 'jmeter.reportgenerator.sample_filter' not found, using default value 'null' instead.
2025-09-24 21:09:18,368 INFO o.a.j.r.c.ReportGeneratorConfiguration: Property 'jmeter.reportgenerator.report_title' not found, using default value 'null' instead.
2025-09-24 21:09:18,368 INFO o.a.j.r.c.ReportGeneratorConfiguration: Property 'jmeter.reportgenerator.start_date' not found, using default value 'null' instead.
2025-09-24 21:09:18,369 INFO o.a.j.r.c.ReportGeneratorConfiguration: Property 'jmeter.reportgenerator.end_date' not found, using default value 'null' instead.
2025-09-24 21:09:18,369 INFO o.a.j.r.c.ReportGeneratorConfiguration: Property 'jmeter.reportgenerator.date_format' not found, using default value 'null' instead.
2025-09-24 21:09:18,369 INFO o.a.j.r.c.ReportGeneratorConfiguration: Will use date range start date: null, end date: null
2025-09-24 21:09:18,373 INFO o.a.j.r.c.ReportGeneratorConfiguration: Property 'jmeter.reportgenerator.graph.totalTPS.exclude_controllers' not found, using default value 'false' instead.
2025-09-24 21:09:18,373 INFO o.a.j.r.c.ReportGeneratorConfiguration: Property 'jmeter.reportgenerator.graph.activeThreadsOverTime.exclude_controllers' not found, using default value 'false' instead.
2025-09-24 21:09:18,373 INFO o.a.j.r.c.ReportGeneratorConfiguration: Property 'jmeter.reportgenerator.graph.timeVsThreads.exclude_controllers' not found, using default value 'false' instead.
2025-09-24 21:09:18,374 INFO o.a.j.r.c.ReportGeneratorConfiguration: Property 'jmeter.reportgenerator.graph.responseTimeDistribution.exclude_controllers' not found, using default value 'false' instead.
2025-09-24 21:09:18,374 INFO o.a.j.r.c.ReportGeneratorConfiguration: Property 'jmeter.reportgenerator.graph.transactionsPerSecond.exclude_controllers' not found, using default value 'false' instead.
2025-09-24 21:09:18,374 INFO o.a.j.r.c.ReportGeneratorConfiguration: Property 'jmeter.reportgenerator.graph.responseTimePercentiles.exclude_controllers' not found, using default value 'false' instead.
2025-09-24 21:09:18,374 INFO o.a.j.r.c.ReportGeneratorConfiguration: Property 'jmeter.reportgenerator.graph.responseTimePercentilesOverTime.exclude_controllers' not found, using default value 'false' instead.
2025-09-24 21:09:18,374 INFO o.a.j.r.c.ReportGeneratorConfiguration: Property 'jmeter.reportgenerator.graph.responseTimesOverTime.exclude_controllers' not found, using default value 'false' instead.
2025-09-24 21:09:18,374 INFO o.a.j.r.c.ReportGeneratorConfiguration: Property 'jmeter.reportgenerator.graph.connectTimeOverTime.exclude_controllers' not found, using default value 'false' instead.
2025-09-24 21:09:18,374 INFO o.a.j.r.c.ReportGeneratorConfiguration: Property 'jmeter.reportgenerator.graph.latenciesOverTime.exclude_controllers' not found, using default value 'false' instead.
2025-09-24 21:09:18,375 INFO o.a.j.r.c.ReportGeneratorConfiguration: Property 'jmeter.reportgenerator.exporter.json.filters_only_sample_series' not found, using default value 'true' instead.
2025-09-24 21:09:18,375 INFO o.a.j.r.c.ReportGeneratorConfiguration: Property 'jmeter.reportgenerator.exporter.json.series_filter' not found, using default value '' instead.
2025-09-24 21:09:18,375 INFO o.a.j.r.c.ReportGeneratorConfiguration: Property 'jmeter.reportgenerator.exporter.json.show_controllers_only' not found, using default value 'false' instead.
2025-09-24 21:09:18,375 INFO o.a.j.r.c.ReportGeneratorConfiguration: Property 'jmeter.reportgenerator.exporter.html.filters_only_sample_series' not found, using default value 'true' instead.
2025-09-24 21:09:18,375 INFO o.a.j.r.c.ReportGeneratorConfiguration: Property 'jmeter.reportgenerator.exporter.html.series_filter' not found, using default value '' instead.
2025-09-24 21:09:18,375 INFO o.a.j.r.c.ReportGeneratorConfiguration: Property 'jmeter.reportgenerator.exporter.html.show_controllers_only' not found, using default value 'false' instead.
2025-09-24 21:09:18,559 INFO o.a.j.s.SaveService: Testplan (JMX) version: 2.2. Testlog (JTL) version: 2.2
2025-09-24 21:09:18,581 INFO o.a.j.s.SaveService: Using SaveService properties version 5.0
2025-09-24 21:09:18,584 INFO o.a.j.s.SaveService: Using SaveService properties file encoding UTF-8
2025-09-24 21:09:18,609 INFO o.a.j.r.p.NormalizerSampleConsumer: Using format, 'ms', to parse timeStamp field
2025-09-24 21:09:18,814 INFO o.a.j.r.p.AbstractSampleConsumer: class org.apache.jmeter.report.processor.AggregateConsumer#stopProducing(): beginDate produced 0 samples
2025-09-24 21:09:18,814 INFO o.a.j.r.p.AbstractSampleConsumer: class org.apache.jmeter.report.processor.AggregateConsumer#stopProducing(): endDate produced 0 samples
2025-09-24 21:09:18,818 INFO o.a.j.r.p.AbstractSampleConsumer: class org.apache.jmeter.report.processor.ApdexSummaryConsumer#stopProducing(): apdexSummary produced 0 samples
2025-09-24 21:09:18,818 INFO o.a.j.r.p.AbstractSampleConsumer: class org.apache.jmeter.report.processor.RequestsSummaryConsumer#stopProducing(): requestsSummary produced 0 samples
2025-09-24 21:09:18,827 INFO o.a.j.r.p.AbstractSampleConsumer: class org.apache.jmeter.report.processor.StatisticsSummaryConsumer#stopProducing(): statisticsSummary produced 0 samples
2025-09-24 21:09:18,831 INFO o.a.j.r.p.AbstractSampleConsumer: class org.apache.jmeter.report.processor.Top5ErrorsBySamplerConsumer#stopProducing(): top5ErrorsBySampler produced 0 samples
2025-09-24 21:09:18,831 INFO o.a.j.r.p.AbstractSampleConsumer: class org.apache.jmeter.report.processor.ErrorsSummaryConsumer#stopProducing(): errorsSummary produced 0 samples
2025-09-24 21:09:18,831 INFO o.a.j.r.p.AbstractSampleConsumer: class org.apache.jmeter.report.processor.graph.impl.HitsPerSecondGraphConsumer#stopProducing(): hitsPerSecond produced 0 samples
2025-09-24 21:09:18,913 INFO o.a.j.r.p.AbstractSampleConsumer: class org.apache.jmeter.report.processor.graph.impl.LatencyVSRequestGraphConsumer#stopProducing(): latencyVsRequest produced 0 samples
2025-09-24 21:09:18,913 INFO o.a.j.r.p.AbstractSampleConsumer: class org.apache.jmeter.report.processor.graph.impl.SyntheticResponseTimeDistributionGraphConsumer#stopProducing(): syntheticResponseTimeDistribution produced 0 samples
2025-09-24 21:09:18,914 INFO o.a.j.r.p.AbstractSampleConsumer: class org.apache.jmeter.report.processor.graph.impl.BytesThroughputGraphConsumer#stopProducing(): bytesThroughputOverTime produced 0 samples
2025-09-24 21:09:18,914 INFO o.a.j.r.p.AbstractSampleConsumer: class org.apache.jmeter.report.processor.graph.impl.CodesPerSecondGraphConsumer#stopProducing(): codesPerSecond produced 0 samples
2025-09-24 21:09:18,956 INFO o.a.j.r.p.AbstractSampleConsumer: class org.apache.jmeter.report.processor.graph.impl.ResponseTimeVSRequestGraphConsumer#stopProducing(): responseTimeVsRequest produced 0 samples
2025-09-24 21:09:18,956 INFO o.a.j.r.p.AbstractSampleConsumer: class org.apache.jmeter.report.processor.FilterConsumer#stopProducing(): startIntervalControlerFilter produced 8211 samples
2025-09-24 21:09:18,957 INFO o.a.j.r.p.AbstractSampleConsumer: class org.apache.jmeter.report.processor.graph.impl.TotalTPSGraphConsumer#stopProducing(): totalTPS produced 0 samples
2025-09-24 21:09:18,957 INFO o.a.j.r.p.AbstractSampleConsumer: class org.apache.jmeter.report.processor.graph.impl.ActiveThreadsGraphConsumer#stopProducing(): activeThreadsOverTime produced 0 samples
2025-09-24 21:09:18,957 INFO o.a.j.r.p.AbstractSampleConsumer: class org.apache.jmeter.report.processor.graph.impl.TimeVSThreadGraphConsumer#stopProducing(): timeVsThreads produced 0 samples
2025-09-24 21:09:18,957 INFO o.a.j.r.p.AbstractSampleConsumer: class org.apache.jmeter.report.processor.graph.impl.ResponseTimeDistributionGraphConsumer#stopProducing(): responseTimeDistribution produced 0 samples
2025-09-24 21:09:18,957 INFO o.a.j.r.p.AbstractSampleConsumer: class org.apache.jmeter.report.processor.graph.impl.TransactionsPerSecondGraphConsumer#stopProducing(): transactionsPerSecond produced 0 samples
2025-09-24 21:09:18,957 INFO o.a.j.r.p.AbstractSampleConsumer: class org.apache.jmeter.report.processor.graph.impl.ResponseTimePercentilesGraphConsumer#stopProducing(): responseTimePercentiles produced 0 samples
2025-09-24 21:09:18,958 INFO o.a.j.r.p.AbstractSampleConsumer: class org.apache.jmeter.report.processor.graph.impl.ResponseTimePercentilesOverTimeGraphConsumer#stopProducing(): responseTimePercentilesOverTime produced 0 samples
2025-09-24 21:09:18,958 INFO o.a.j.r.p.AbstractSampleConsumer: class org.apache.jmeter.report.processor.graph.impl.ResponseTimeOverTimeGraphConsumer#stopProducing(): responseTimesOverTime produced 0 samples
2025-09-24 21:09:18,958 INFO o.a.j.r.p.AbstractSampleConsumer: class org.apache.jmeter.report.processor.graph.impl.ConnectTimeOverTimeGraphConsumer#stopProducing(): connectTimeOverTime produced 0 samples
2025-09-24 21:09:18,958 INFO o.a.j.r.p.AbstractSampleConsumer: class org.apache.jmeter.report.processor.graph.impl.LatencyOverTimeGraphConsumer#stopProducing(): latenciesOverTime produced 0 samples
2025-09-24 21:09:18,958 INFO o.a.j.r.p.AbstractSampleConsumer: class org.apache.jmeter.report.processor.FilterConsumer#stopProducing(): nameFilter produced 17595 samples
2025-09-24 21:09:18,958 INFO o.a.j.r.p.AbstractSampleConsumer: class org.apache.jmeter.report.processor.FilterConsumer#stopProducing(): dateRangeFilter produced 3519 samples
2025-09-24 21:09:18,958 INFO o.a.j.r.p.AbstractSampleConsumer: class org.apache.jmeter.report.processor.NormalizerSampleConsumer#stopProducing(): normalizer produced 1173 samples
2025-09-24 21:09:18,958 INFO o.a.j.r.p.CsvFileSampleSource: produce(): 1173 samples produced in 323ms on channel 0
2025-09-24 21:09:18,959 INFO o.a.j.r.d.ReportGenerator: Exporting data using exporter:'json' of className:'org.apache.jmeter.report.dashboard.JsonExporter'
2025-09-24 21:09:19,035 INFO o.a.j.r.d.JsonExporter: Found data for consumer statisticsSummary in context
2025-09-24 21:09:19,036 INFO o.a.j.r.d.JsonExporter: Creating statistics for overall
2025-09-24 21:09:19,036 INFO o.a.j.r.d.JsonExporter: Creating statistics for other transactions
2025-09-24 21:09:19,036 INFO o.a.j.r.d.JsonExporter: Checking output folder
2025-09-24 21:09:19,037 INFO o.a.j.r.d.JsonExporter: Writing statistics JSON to D:\2D-designer\backend\backend\perf\jmeter\report\statistics.json
2025-09-24 21:09:19,066 INFO o.a.j.r.d.ReportGenerator: Exporting data using exporter:'html' of className:'org.apache.jmeter.report.dashboard.HtmlTemplateExporter'
2025-09-24 21:09:19,068 INFO o.a.j.r.d.HtmlTemplateExporter: Will generate dashboard in folder: D:\2D-designer\backend\backend\perf\jmeter\report
2025-09-24 21:09:19,166 INFO o.a.j.r.d.HtmlTemplateExporter: Report will be generated in: D:\2D-designer\backend\backend\perf\jmeter\report, creating folder structure
2025-09-24 21:09:19,168 INFO o.a.j.r.d.TemplateVisitor: Copying folder from 'D:\Softwares\apache-jmeter-5.6.3\bin\report-template' to 'D:\2D-designer\backend\backend\perf\jmeter\report', got message: D:\2D-designer\backend\backend\perf\jmeter\report, found non empty folder with following content [D:\2D-designer\backend\backend\perf\jmeter\report\statistics.json], will be ignored
